-- The C compiler identification is AppleClang 11.0.3.11030032
-- The OBJC compiler identification is AppleClang 11.0.3.11030032
-- Check for working C compiler: /Applications/Xcode.app/Contents/Developer/Toolchains/XcodeDefault.xctoolchain/usr/bin/cc
-- Check for working C compiler: /Applications/Xcode.app/Contents/Developer/Toolchains/XcodeDefault.xctoolchain/usr/bin/cc - works
-- Detecting C compiler ABI info
-- Detecting C compiler ABI info - done
-- Detecting C compile features
-- Detecting C compile features - done
-- Check for working OBJC compiler: /Applications/Xcode.app/Contents/Developer/Toolchains/XcodeDefault.xctoolchain/usr/bin/clang
-- Check for working OBJC compiler: /Applications/Xcode.app/Contents/Developer/Toolchains/XcodeDefault.xctoolchain/usr/bin/clang - works
-- Detecting OBJC compiler ABI info
-- Detecting OBJC compiler ABI info - done
-- Configuring done
-- Generating done
-- Build files have been written to: /Users/filippovicentini/Dropbox/julia/Metal/MetalCore/deps/build
/usr/local/Cellar/cmake/3.17.2/bin/cmake -S/Users/filippovicentini/Dropbox/julia/Metal/MetalCore/cmt -B/Users/filippovicentini/Dropbox/julia/Metal/MetalCore/deps/build --check-build-system CMakeFiles/Makefile.cmake 0
/usr/local/Cellar/cmake/3.17.2/bin/cmake -E cmake_progress_start /Users/filippovicentini/Dropbox/julia/Metal/MetalCore/deps/build/CMakeFiles /Users/filippovicentini/Dropbox/julia/Metal/MetalCore/deps/build/CMakeFiles/progress.marks
/Applications/Xcode.app/Contents/Developer/usr/bin/make  -f CMakeFiles/Makefile2 all
/Applications/Xcode.app/Contents/Developer/usr/bin/make  -f CMakeFiles/cmt_lib.dir/build.make CMakeFiles/cmt_lib.dir/depend
cd /Users/filippovicentini/Dropbox/julia/Metal/MetalCore/deps/build && /usr/local/Cellar/cmake/3.17.2/bin/cmake -E cmake_depends "Unix Makefiles" /Users/filippovicentini/Dropbox/julia/Metal/MetalCore/cmt /Users/filippovicentini/Dropbox/julia/Metal/MetalCore/cmt /Users/filippovicentini/Dropbox/julia/Metal/MetalCore/deps/build /Users/filippovicentini/Dropbox/julia/Metal/MetalCore/deps/build /Users/filippovicentini/Dropbox/julia/Metal/MetalCore/deps/build/CMakeFiles/cmt_lib.dir/DependInfo.cmake --color=
Dependee "/Users/filippovicentini/Dropbox/julia/Metal/MetalCore/deps/build/CMakeFiles/cmt_lib.dir/DependInfo.cmake" is newer than depender "/Users/filippovicentini/Dropbox/julia/Metal/MetalCore/deps/build/CMakeFiles/cmt_lib.dir/depend.internal".
Dependee "/Users/filippovicentini/Dropbox/julia/Metal/MetalCore/deps/build/CMakeFiles/CMakeDirectoryInformation.cmake" is newer than depender "/Users/filippovicentini/Dropbox/julia/Metal/MetalCore/deps/build/CMakeFiles/cmt_lib.dir/depend.internal".
Scanning dependencies of target cmt_lib
/Applications/Xcode.app/Contents/Developer/usr/bin/make  -f CMakeFiles/cmt_lib.dir/build.make CMakeFiles/cmt_lib.dir/build
[ 16%] Building OBJC object CMakeFiles/cmt_lib.dir/src/buffer.m.o
[ 22%] Building OBJC object CMakeFiles/cmt_lib.dir/src/command-enc.m.o
[ 27%] Building OBJC object CMakeFiles/cmt_lib.dir/src/compute-comm-h.m.o
[ 27%] Building OBJC object CMakeFiles/cmt_lib.dir/src/cmt.m.o
[ 27%] Building OBJC object CMakeFiles/cmt_lib.dir/src/cmd.m.o
[ 33%] Building OBJC object CMakeFiles/cmt_lib.dir/src/compile-opts.m.o
/Applications/Xcode.app/Contents/Developer/Toolchains/XcodeDefault.xctoolchain/usr/bin/clang -Dcmt_lib_EXPORTS -I/Users/filippovicentini/Dropbox/julia/Metal/MetalCore/cmt/.  -g -isysroot /Applications/Xcode.app/Contents/Developer/Platforms/MacOSX.platform/Developer/SDKs/MacOSX10.15.sdk -fPIC   -std=gnu11 -x objective-c -o CMakeFiles/cmt_lib.dir/src/compute-comm-h.m.o   -c /Users/filippovicentini/Dropbox/julia/Metal/MetalCore/cmt/src/compute-comm-h.m
/Applications/Xcode.app/Contents/Developer/Toolchains/XcodeDefault.xctoolchain/usr/bin/clang -Dcmt_lib_EXPORTS -I/Users/filippovicentini/Dropbox/julia/Metal/MetalCore/cmt/.  -g -isysroot /Applications/Xcode.app/Contents/Developer/Platforms/MacOSX.platform/Developer/SDKs/MacOSX10.15.sdk -fPIC   -std=gnu11 -x objective-c -o CMakeFiles/cmt_lib.dir/src/compile-opts.m.o   -c /Users/filippovicentini/Dropbox/julia/Metal/MetalCore/cmt/src/compile-opts.m
[ 44%] Building OBJC object CMakeFiles/cmt_lib.dir/src/conversion.m.o
[ 44%] Building OBJC object CMakeFiles/cmt_lib.dir/src/compute-pipeline.m.o
/Applications/Xcode.app/Contents/Developer/Toolchains/XcodeDefault.xctoolchain/usr/bin/clang -Dcmt_lib_EXPORTS -I/Users/filippovicentini/Dropbox/julia/Metal/MetalCore/cmt/.  -g -isysroot /Applications/Xcode.app/Contents/Developer/Platforms/MacOSX.platform/Developer/SDKs/MacOSX10.15.sdk -fPIC   -std=gnu11 -x objective-c -o CMakeFiles/cmt_lib.dir/src/conversion.m.o   -c /Users/filippovicentini/Dropbox/julia/Metal/MetalCore/cmt/src/conversion.m
[ 61%] Building OBJC object CMakeFiles/cmt_lib.dir/src/depthstencil.m.o
[ 61%] Building OBJC object CMakeFiles/cmt_lib.dir/src/function.m.o
[ 61%] Building OBJC object CMakeFiles/cmt_lib.dir/src/device.m.o
/Applications/Xcode.app/Contents/Developer/Toolchains/XcodeDefault.xctoolchain/usr/bin/clang -Dcmt_lib_EXPORTS -I/Users/filippovicentini/Dropbox/julia/Metal/MetalCore/cmt/.  -g -isysroot /Applications/Xcode.app/Contents/Developer/Platforms/MacOSX.platform/Developer/SDKs/MacOSX10.15.sdk -fPIC   -std=gnu11 -x objective-c -o CMakeFiles/cmt_lib.dir/src/function.m.o   -c /Users/filippovicentini/Dropbox/julia/Metal/MetalCore/cmt/src/function.m
/Applications/Xcode.app/Contents/Developer/Toolchains/XcodeDefault.xctoolchain/usr/bin/clang -Dcmt_lib_EXPORTS -I/Users/filippovicentini/Dropbox/julia/Metal/MetalCore/cmt/.  -g -isysroot /Applications/Xcode.app/Contents/Developer/Platforms/MacOSX.platform/Developer/SDKs/MacOSX10.15.sdk -fPIC   -std=gnu11 -x objective-c -o CMakeFiles/cmt_lib.dir/src/device.m.o   -c /Users/filippovicentini/Dropbox/julia/Metal/MetalCore/cmt/src/device.m
[ 66%] Building OBJC object CMakeFiles/cmt_lib.dir/src/lib.m.o
/Applications/Xcode.app/Contents/Developer/Toolchains/XcodeDefault.xctoolchain/usr/bin/clang -Dcmt_lib_EXPORTS -I/Users/filippovicentini/Dropbox/julia/Metal/MetalCore/cmt/.  -g -isysroot /Applications/Xcode.app/Contents/Developer/Platforms/MacOSX.platform/Developer/SDKs/MacOSX10.15.sdk -fPIC   -std=gnu11 -x objective-c -o CMakeFiles/cmt_lib.dir/src/lib.m.o   -c /Users/filippovicentini/Dropbox/julia/Metal/MetalCore/cmt/src/lib.m
/Applications/Xcode.app/Contents/Developer/Toolchains/XcodeDefault.xctoolchain/usr/bin/clang -Dcmt_lib_EXPORTS -I/Users/filippovicentini/Dropbox/julia/Metal/MetalCore/cmt/.  -g -isysroot /Applications/Xcode.app/Contents/Developer/Platforms/MacOSX.platform/Developer/SDKs/MacOSX10.15.sdk -fPIC   -std=gnu11 -x objective-c -o CMakeFiles/cmt_lib.dir/src/depthstencil.m.o   -c /Users/filippovicentini/Dropbox/julia/Metal/MetalCore/cmt/src/depthstencil.m
[ 72%] Building OBJC object CMakeFiles/cmt_lib.dir/src/rce.m.o
[ 77%] Building OBJC object CMakeFiles/cmt_lib.dir/src/resource.m.o
/Applications/Xcode.app/Contents/Developer/Toolchains/XcodeDefault.xctoolchain/usr/bin/clang -Dcmt_lib_EXPORTS -I/Users/filippovicentini/Dropbox/julia/Metal/MetalCore/cmt/.  -g -isysroot /Applications/Xcode.app/Contents/Developer/Platforms/MacOSX.platform/Developer/SDKs/MacOSX10.15.sdk -fPIC   -std=gnu11 -x objective-c -o CMakeFiles/cmt_lib.dir/src/rce.m.o   -c /Users/filippovicentini/Dropbox/julia/Metal/MetalCore/cmt/src/rce.m
/Applications/Xcode.app/Contents/Developer/Toolchains/XcodeDefault.xctoolchain/usr/bin/clang -Dcmt_lib_EXPORTS -I/Users/filippovicentini/Dropbox/julia/Metal/MetalCore/cmt/.  -g -isysroot /Applications/Xcode.app/Contents/Developer/Platforms/MacOSX.platform/Developer/SDKs/MacOSX10.15.sdk -fPIC   -std=gnu11 -x objective-c -o CMakeFiles/cmt_lib.dir/src/resource.m.o   -c /Users/filippovicentini/Dropbox/julia/Metal/MetalCore/cmt/src/resource.m
[ 83%] Building OBJC object CMakeFiles/cmt_lib.dir/src/rpass.m.o
/Applications/Xcode.app/Contents/Developer/Toolchains/XcodeDefault.xctoolchain/usr/bin/clang -Dcmt_lib_EXPORTS -I/Users/filippovicentini/Dropbox/julia/Metal/MetalCore/cmt/.  -g -isysroot /Applications/Xcode.app/Contents/Developer/Platforms/MacOSX.platform/Developer/SDKs/MacOSX10.15.sdk -fPIC   -std=gnu11 -x objective-c -o CMakeFiles/cmt_lib.dir/src/rpass.m.o   -c /Users/filippovicentini/Dropbox/julia/Metal/MetalCore/cmt/src/rpass.m
[ 88%] Building OBJC object CMakeFiles/cmt_lib.dir/src/rpip.m.o
/Applications/Xcode.app/Contents/Developer/Toolchains/XcodeDefault.xctoolchain/usr/bin/clang -Dcmt_lib_EXPORTS -I/Users/filippovicentini/Dropbox/julia/Metal/MetalCore/cmt/.  -g -isysroot /Applications/Xcode.app/Contents/Developer/Platforms/MacOSX.platform/Developer/SDKs/MacOSX10.15.sdk -fPIC   -std=gnu11 -x objective-c -o CMakeFiles/cmt_lib.dir/src/rpip.m.o   -c /Users/filippovicentini/Dropbox/julia/Metal/MetalCore/cmt/src/rpip.m
/Applications/Xcode.app/Contents/Developer/Toolchains/XcodeDefault.xctoolchain/usr/bin/clang -Dcmt_lib_EXPORTS -I/Users/filippovicentini/Dropbox/julia/Metal/MetalCore/cmt/.  -g -isysroot /Applications/Xcode.app/Contents/Developer/Platforms/MacOSX.platform/Developer/SDKs/MacOSX10.15.sdk -fPIC   -std=gnu11 -x objective-c -o CMakeFiles/cmt_lib.dir/src/compute-pipeline.m.o   -c /Users/filippovicentini/Dropbox/julia/Metal/MetalCore/cmt/src/compute-pipeline.m
[ 94%] Building OBJC object CMakeFiles/cmt_lib.dir/src/vertex.m.o
/Applications/Xcode.app/Contents/Developer/Toolchains/XcodeDefault.xctoolchain/usr/bin/clang -Dcmt_lib_EXPORTS -I/Users/filippovicentini/Dropbox/julia/Metal/MetalCore/cmt/.  -g -isysroot /Applications/Xcode.app/Contents/Developer/Platforms/MacOSX.platform/Developer/SDKs/MacOSX10.15.sdk -fPIC   -std=gnu11 -x objective-c -o CMakeFiles/cmt_lib.dir/src/vertex.m.o   -c /Users/filippovicentini/Dropbox/julia/Metal/MetalCore/cmt/src/vertex.m
/Applications/Xcode.app/Contents/Developer/Toolchains/XcodeDefault.xctoolchain/usr/bin/clang -Dcmt_lib_EXPORTS -I/Users/filippovicentini/Dropbox/julia/Metal/MetalCore/cmt/.  -g -isysroot /Applications/Xcode.app/Contents/Developer/Platforms/MacOSX.platform/Developer/SDKs/MacOSX10.15.sdk -fPIC   -std=gnu11 -x objective-c -o CMakeFiles/cmt_lib.dir/src/command-enc.m.o   -c /Users/filippovicentini/Dropbox/julia/Metal/MetalCore/cmt/src/command-enc.m
/Applications/Xcode.app/Contents/Developer/Toolchains/XcodeDefault.xctoolchain/usr/bin/clang -Dcmt_lib_EXPORTS -I/Users/filippovicentini/Dropbox/julia/Metal/MetalCore/cmt/.  -g -isysroot /Applications/Xcode.app/Contents/Developer/Platforms/MacOSX.platform/Developer/SDKs/MacOSX10.15.sdk -fPIC   -std=gnu11 -x objective-c -o CMakeFiles/cmt_lib.dir/src/cmt.m.o   -c /Users/filippovicentini/Dropbox/julia/Metal/MetalCore/cmt/src/cmt.m
/Applications/Xcode.app/Contents/Developer/Toolchains/XcodeDefault.xctoolchain/usr/bin/clang -Dcmt_lib_EXPORTS -I/Users/filippovicentini/Dropbox/julia/Metal/MetalCore/cmt/.  -g -isysroot /Applications/Xcode.app/Contents/Developer/Platforms/MacOSX.platform/Developer/SDKs/MacOSX10.15.sdk -fPIC   -std=gnu11 -x objective-c -o CMakeFiles/cmt_lib.dir/src/cmd.m.o   -c /Users/filippovicentini/Dropbox/julia/Metal/MetalCore/cmt/src/cmd.m
/Applications/Xcode.app/Contents/Developer/Toolchains/XcodeDefault.xctoolchain/usr/bin/clang -Dcmt_lib_EXPORTS -I/Users/filippovicentini/Dropbox/julia/Metal/MetalCore/cmt/.  -g -isysroot /Applications/Xcode.app/Contents/Developer/Platforms/MacOSX.platform/Developer/SDKs/MacOSX10.15.sdk -fPIC   -std=gnu11 -x objective-c -o CMakeFiles/cmt_lib.dir/src/buffer.m.o   -c /Users/filippovicentini/Dropbox/julia/Metal/MetalCore/cmt/src/buffer.m
[100%] Linking OBJC shared library /Users/filippovicentini/Dropbox/julia/Metal/MetalCore/deps/libcmt_lib.dylib
/usr/local/Cellar/cmake/3.17.2/bin/cmake -E cmake_link_script CMakeFiles/cmt_lib.dir/link.txt --verbose=1
/Applications/Xcode.app/Contents/Developer/Toolchains/XcodeDefault.xctoolchain/usr/bin/clang -g -isysroot /Applications/Xcode.app/Contents/Developer/Platforms/MacOSX.platform/Developer/SDKs/MacOSX10.15.sdk -dynamiclib -Wl,-headerpad_max_install_names -compatibility_version 1.0.0 -current_version 1.0.1 -o /Users/filippovicentini/Dropbox/julia/Metal/MetalCore/deps/libcmt_lib.dylib   CMakeFiles/cmt_lib.dir/src/buffer.m.o CMakeFiles/cmt_lib.dir/src/cmd.m.o CMakeFiles/cmt_lib.dir/src/cmt.m.o CMakeFiles/cmt_lib.dir/src/command-enc.m.o CMakeFiles/cmt_lib.dir/src/compile-opts.m.o CMakeFiles/cmt_lib.dir/src/compute-comm-h.m.o CMakeFiles/cmt_lib.dir/src/compute-pipeline.m.o CMakeFiles/cmt_lib.dir/src/conversion.m.o CMakeFiles/cmt_lib.dir/src/depthstencil.m.o CMakeFiles/cmt_lib.dir/src/device.m.o CMakeFiles/cmt_lib.dir/src/function.m.o CMakeFiles/cmt_lib.dir/src/lib.m.o CMakeFiles/cmt_lib.dir/src/rce.m.o CMakeFiles/cmt_lib.dir/src/resource.m.o CMakeFiles/cmt_lib.dir/src/rpass.m.o CMakeFiles/cmt_lib.dir/src/rpip.m.o CMakeFiles/cmt_lib.dir/src/vertex.m.o  -framework Foundation -framework Metal 
[100%] Built target cmt_lib
/usr/local/Cellar/cmake/3.17.2/bin/cmake -E cmake_progress_start /Users/filippovicentini/Dropbox/julia/Metal/MetalCore/deps/build/CMakeFiles 0
